00:00:00.340966 VirtualBox GUI VM Selector Window 7.2.4 r170995 linux.amd64 (Oct 22 2025 16:59:14) release log
00:00:00.340967 Log opened 2026-01-08T11:36:09.752186000Z
00:00:00.340967 Build Type: release
00:00:00.340968 OS Product: Linux
00:00:00.340969 OS Release: 6.18.2-arch2-1
00:00:00.340969 OS Version: #1 SMP PREEMPT_DYNAMIC Thu, 18 Dec 2025 18:00:18 +0000
00:00:00.340983 DMI Product Name: VivoBook_ASUSLaptop X513EP_A515EP
00:00:00.340987 DMI Product Version: 1.0       
00:00:00.340989 Firmware type: UEFI
00:00:00.341137 Secure Boot: Disabled
00:00:00.341159 Host RAM: 15670MB (15.3GB) total, 14551MB (14.2GB) available
00:00:00.341161 Executable: /usr/lib/virtualbox/VirtualBox
00:00:00.341161 Process ID: 1516
00:00:00.341161 Package type: LINUX_64BITS_GENERIC (OSE)
00:00:00.341179 Qt version: 6.10.1
00:00:00.342360 GUI: UIMediumEnumerator: Initial medium-enumeration finished!
00:00:00.355747 GUI: UIMediumEnumerator: Medium-enumeration started...
00:00:00.789810 GUI: UIDesktopWidgetWatchdog::sltHandleHostScreenAvailableGeometryCalculated: Screen 0 work area is actually resized to: 0x0 x 954x1228
00:00:00.789937 GUI: UIDesktopWidgetWatchdog::sltHandleHostScreenAvailableGeometryCalculated: Screen 1 work area is actually resized to: 0x0 x 954x1228
00:00:00.797172 GUI: UIMediumEnumerator: Medium-enumeration finished!
00:00:00.981045 GUI: UICommon: Handling aboutToQuit request..
00:00:01.866571 GUI: UICommon: aboutToQuit request handled!
